<?xml version="1.0" encoding="UTF-8"?>
<coverage generated="1575926029061" clover="3.2.0">
  <project timestamp="1575926029061" name="All files">
    <metrics statements="2" coveredstatements="2" conditionals="3" coveredconditionals="0" methods="2" coveredmethods="2" elements="7" coveredelements="4" complexity="0" loc="2" ncloc="2" packages="1" files="2" classes="2"/>
    <file name="createResponse.js" path="/Users/evestockstill/careerTrack/lab06-career/lib/utils/createResponse.js">
      <metrics statements="1" coveredstatements="1" conditionals="3" coveredconditionals="0" methods="1" coveredmethods="1"/>
      <line num="1" count="1" type="cond" truecount="0" falsecount="3"/>
    </file>
    <file name="parseRequest.js" path="/Users/evestockstill/careerTrack/lab06-career/lib/utils/parseRequest.js">
      <metrics statements="1" coveredstatements="1" conditionals="0" coveredconditionals="0" methods="1" coveredmethods="1"/>
      <line num="1" count="1" type="stmt"/>
    </file>
  </project>
</coverage>
