{"/Users/evestockstill/careerTrack/lab06-career/lib/utils/createResponse.js": {"path":"/Users/evestockstill/careerTrack/lab06-career/lib/utils/createResponse.js","statementMap":{"0":{"start":{"line":1,"column":0},"end":{"line":8,"column":2}},"1":{"start":{"line":2,"column":2},"end":{"line":7,"column":16}}},"fnMap":{"0":{"name":"(anonymous_0)","decl":{"start":{"line":1,"column":17},"end":{"line":1,"column":18}},"loc":{"start":{"line":1,"column":82},"end":{"line":8,"column":1}},"line":1}},"branchMap":{"0":{"loc":{"start":{"line":1,"column":20},"end":{"line":1,"column":29}},"type":"default-arg","locations":[{"start":{"line":1,"column":27},"end":{"line":1,"column":29}}],"line":1},"1":{"loc":{"start":{"line":1,"column":31},"end":{"line":1,"column":56}},"type":"default-arg","locations":[{"start":{"line":1,"column":45},"end":{"line":1,"column":56}}],"line":1},"2":{"loc":{"start":{"line":1,"column":58},"end":{"line":1,"column":75}},"type":"default-arg","locations":[{"start":{"line":1,"column":67},"end":{"line":1,"column":75}}],"line":1}},"s":{"0":1,"1":1},"f":{"0":1},"b":{"0":[0],"1":[0],"2":[0]},"_coverageSchema":"43e27e138ebf9cfc5966b082cf9a028302ed4184","hash":"71392784c887e027e05c4f54eda7b2f316c52411"}
,"/Users/evestockstill/careerTrack/lab06-career/lib/utils/parseRequest.js": {"path":"/Users/evestockstill/careerTrack/lab06-career/lib/utils/parseRequest.js","statementMap":{"0":{"start":{"line":1,"column":0},"end":{"line":8,"column":2}},"1":{"start":{"line":2,"column":21},"end":{"line":2,"column":43}},"2":{"start":{"line":3,"column":17},"end":{"line":3,"column":43}},"3":{"start":{"line":4,"column":15},"end":{"line":4,"column":26}},"4":{"start":{"line":5,"column":13},"end":{"line":5,"column":24}},"5":{"start":{"line":6,"column":13},"end":{"line":6,"column":44}},"6":{"start":{"line":7,"column":0},"end":{"line":7,"column":29}}},"fnMap":{"0":{"name":"(anonymous_0)","decl":{"start":{"line":1,"column":17},"end":{"line":1,"column":18}},"loc":{"start":{"line":1,"column":31},"end":{"line":8,"column":1}},"line":1}},"branchMap":{},"s":{"0":1,"1":2,"2":2,"3":2,"4":2,"5":2,"6":2},"f":{"0":2},"b":{},"_coverageSchema":"43e27e138ebf9cfc5966b082cf9a028302ed4184","hash":"82a019f08da30c4d77a1409768eae65aa8b55906"}
}
